<?xml version="1.0" encoding="UTF-8"?>
<!-- Generated by org.testng.reporters.JUnitXMLReporter -->
<testsuite ignored="1" hostname="DESKTOP-0G4H1SI" failures="0" tests="1" name="Default test" time="33.243" errors="0" timestamp="2025-05-05T12:53:23 AEST">
  <testcase classname="tests.PlaceOrderTest" name="testAddProductToCart" time="15.01"/>
  <testcase classname="tests.PlaceOrderTest" name="testCheckoutAndPlaceOrder" time="0.0">
    <ignored/>
  </testcase> <!-- testCheckoutAndPlaceOrder -->
</testsuite> <!-- Default test -->
